Log file open, 04/16/24 15:22:53
LogWindows: Failed to load 'aqProf.dll' (GetLastError=126)
LogWindows: File 'aqProf.dll' does not exist
LogWindows: Failed to load 'VSPerf140.dll' (GetLastError=126)
LogWindows: File 'VSPerf140.dll' does not exist
LogWindows: Failed to load 'VtuneApi.dll' (GetLastError=126)
LogWindows: File 'VtuneApi.dll' does not exist
LogWindows: Failed to load 'VtuneApi32e.dll' (GetLastError=126)
LogWindows: File 'VtuneApi32e.dll' does not exist
LogInit: Display: Running engine for game: Pragyan_BattleGame
LogPlatformFile: Not using cached read wrapper
LogTaskGraph: Started task graph with 5 named threads and 35 total threads with 3 sets of task threads.
LogStats: Stats thread started at 0.523189
LogD3D11RHI: Loaded GFSDK_Aftermath_Lib.x64.dll
LogICUInternationalization: Display: ICU TimeZone Detection - Raw Offset: -8:00, Platform Override: ''
LogPluginManager: Mounting plugin Paper2D
LogPluginManager: Mounting plugin AISupport
LogPluginManager: Mounting plugin LightPropagationVolume
LogPluginManager: Mounting plugin CLionSourceCodeAccess
LogPluginManager: Mounting plugin CodeLiteSourceCodeAccess
LogPluginManager: Mounting plugin GitSourceControl
LogPluginManager: Mounting plugin KDevelopSourceCodeAccess
LogPluginManager: Mounting plugin NullSourceCodeAccess
LogPluginManager: Mounting plugin PerforceSourceControl
LogPluginManager: Mounting plugin SubversionSourceControl
LogPluginManager: Mounting plugin UObjectPlugin
LogPluginManager: Mounting plugin VisualStudioCodeSourceCodeAccess
LogPluginManager: Mounting plugin VisualStudioSourceCodeAccess
LogPluginManager: Mounting plugin XCodeSourceCodeAccess
LogPluginManager: Mounting plugin AssetManagerEditor
LogPluginManager: Mounting plugin CryptoKeys
LogPluginManager: Mounting plugin DataValidation
LogPluginManager: Mounting plugin FacialAnimation
LogPluginManager: Mounting plugin GameplayTagsEditor
LogPluginManager: Mounting plugin MacGraphicsSwitching
LogPluginManager: Mounting plugin MeshEditor
LogPluginManager: Mounting plugin MobileLauncherProfileWizard
LogPluginManager: Mounting plugin PluginBrowser
LogPluginManager: Mounting plugin SpeedTreeImporter
LogPluginManager: Mounting plugin DatasmithContent
LogPluginManager: Mounting plugin AlembicImporter
LogPluginManager: Mounting plugin AppleImageUtils
LogPluginManager: Mounting plugin AppleVision
LogPluginManager: Mounting plugin BackChannel
LogPluginManager: Mounting plugin CharacterAI
LogPluginManager: Mounting plugin GeometryCache
LogPluginManager: Mounting plugin HTML5Networking
LogPluginManager: Mounting plugin ProxyLODPlugin
LogPluginManager: Mounting plugin MagicLeap
LogPluginManager: Mounting plugin MagicLeapEmulator
LogPluginManager: Mounting plugin MagicLeapMedia
LogPluginManager: Mounting plugin AndroidMedia
LogPluginManager: Mounting plugin AvfMedia
LogPluginManager: Mounting plugin ImgMedia
LogPluginManager: Mounting plugin LinearTimecode
LogPluginManager: Mounting plugin MediaCompositing
LogPluginManager: Mounting plugin MediaPlayerEditor
LogPluginManager: Mounting plugin WmfMedia
LogPluginManager: Mounting plugin TcpMessaging
LogPluginManager: Mounting plugin UdpMessaging
LogPluginManager: Mounting plugin ActorSequence
LogPluginManager: Mounting plugin LevelSequenceEditor
LogPluginManager: Mounting plugin MatineeToLevelSequence
LogPluginManager: Mounting plugin NetcodeUnitTest
LogPluginManager: Mounting plugin NUTUnrealEngine4
LogPluginManager: Mounting plugin OnlineSubsystemGooglePlay
LogPluginManager: Mounting plugin OnlineSubsystemIOS
LogPluginManager: Mounting plugin OnlineSubsystem
LogPluginManager: Mounting plugin OnlineSubsystemNull
LogPluginManager: Mounting plugin OnlineSubsystemUtils
LogPluginManager: Mounting plugin LauncherChunkInstaller
LogPluginManager: Mounting plugin AndroidDeviceProfileSelector
LogPluginManager: Mounting plugin AndroidMoviePlayer
LogPluginManager: Mounting plugin AndroidPermission
LogPluginManager: Mounting plugin AppleMoviePlayer
LogPluginManager: Mounting plugin ArchVisCharacter
LogPluginManager: Mounting plugin AudioCapture
LogPluginManager: Mounting plugin CableComponent
LogPluginManager: Mounting plugin CustomMeshComponent
LogPluginManager: Mounting plugin EditableMesh
LogPluginManager: Mounting plugin ExampleDeviceProfileSelector
LogPluginManager: Mounting plugin GoogleCloudMessaging
LogPluginManager: Mounting plugin ImmediatePhysics
LogPluginManager: Mounting plugin IOSDeviceProfileSelector
LogPluginManager: Mounting plugin LinuxDeviceProfileSelector
LogPluginManager: Mounting plugin LocationServicesBPLibrary
LogPluginManager: Mounting plugin MobilePatchingUtils
LogPluginManager: Mounting plugin OculusVR
LogPluginManager: Plugin shader directory ../../../Engine/Plugins/Runtime/Oculus/OculusVR/Shaders found
LogPluginManager: Mapping shader source directory ../../../Engine/Plugins/Runtime/Oculus/OculusVR/Shaders to virtual directory /Plugin/OculusVR
LogPluginManager: Mounting plugin PhysXVehicles
LogPluginManager: Mounting plugin ProceduralMeshComponent
LogPluginManager: Mounting plugin RuntimePhysXCooking
LogPluginManager: Mounting plugin SteamVR
LogPluginManager: Mounting plugin WindowsMoviePlayer
LogStreaming: Display: Took  0.074s to configure plugins.
LogInit: Using libcurl 7.55.1-DEV
LogInit:  - built for x86_64-pc-win32
LogInit:  - supports SSL with OpenSSL/1.0.2h
LogInit:  - supports HTTP deflate (compression) using libz 1.2.8
LogInit:  - other features:
LogInit:      CURL_VERSION_SSL
LogInit:      CURL_VERSION_LIBZ
LogInit:      CURL_VERSION_IPV6
LogInit:      CURL_VERSION_ASYNCHDNS
LogInit:      CURL_VERSION_LARGEFILE
LogInit:      CURL_VERSION_IDN
LogInit:  CurlRequestOptions (configurable via config and command line):
LogInit:  - bVerifyPeer = false  - Libcurl will NOT verify peer certificate
LogInit:  - bUseHttpProxy = false  - Libcurl will NOT use HTTP proxy
LogInit:  - bDontReuseConnections = false  - Libcurl will reuse connections
LogInit:  - CertBundlePath = nullptr  - Libcurl will use whatever was configured at build time.
LogInit:  - MaxHostConnections = 16  - Libcurl will limit the number of connections to a host
LogInit:  - LocalHostAddr = Default
LogInit:  - BufferSize = 65536
LogInit: WinSock: version 1.1 (2.2), MaxSocks=32767, MaxUdp=65467
LogInit: Build: ++UE4+Release-4.20-CL-4369336
LogInit: Engine Version: 4.20.3-4369336+++UE4+Release-4.20
LogInit: Compatible Engine Version: 4.20.0-4212847+++UE4+Release-4.20
LogInit: Net CL: 4212847
LogInit: OS: Windows 10 (), CPU: AMD Ryzen 5 5600X 6-Core Processor             , GPU: AMD Radeon RX 6700 XT
LogInit: Compiled (64-bit): Sep 17 2018 12:26:19
LogInit: Compiled with Visual C++: 19.13.26129.00
LogInit: Build Configuration: Development
LogInit: Branch Name: ++UE4+Release-4.20
LogInit: Command Line:  
LogInit: Base Directory: C:/Program Files/Epic Games/UE_4.20/Engine/Binaries/Win64/
LogInit: Installed Engine Build: 1
LogDevObjectVersion: Number of dev versions registered: 20
LogDevObjectVersion:   Dev-Blueprints (B0D832E4-1F89-4F0D-ACCF-7EB736FD4AA2): 10
LogDevObjectVersion:   Dev-Build (E1C64328-A22C-4D53-A36C-8E866417BD8C): 0
LogDevObjectVersion:   Dev-Core (375EC13C-06E4-48FB-B500-84F0262A717E): 2
LogDevObjectVersion:   Dev-Editor (E4B068ED-F494-42E9-A231-DA0B2E46BB41): 24
LogDevObjectVersion:   Dev-Framework (CFFC743F-43B0-4480-9391-14DF171D2073): 34
LogDevObjectVersion:   Dev-Mobile (B02B49B5-BB20-44E9-A304-32B752E40360): 2
LogDevObjectVersion:   Dev-Networking (A4E4105C-59A1-49B5-A7C5-40C4547EDFEE): 0
LogDevObjectVersion:   Dev-Online (39C831C9-5AE6-47DC-9A44-9C173E1C8E7C): 0
LogDevObjectVersion:   Dev-Physics (78F01B33-EBEA-4F98-B9B4-84EACCB95AA2): 0
LogDevObjectVersion:   Dev-Platform (6631380F-2D4D-43E0-8009-CF276956A95A): 0
LogDevObjectVersion:   Dev-Rendering (12F88B9F-8875-4AFC-A67C-D90C383ABD29): 26
LogDevObjectVersion:   Dev-Sequencer (7B5AE74C-D270-4C10-A958-57980B212A5A): 9
LogDevObjectVersion:   Dev-VR (D7296918-1DD6-4BDD-9DE2-64A83CC13884): 2
LogDevObjectVersion:   Dev-LoadTimes (C2A15278-BFE7-4AFE-6C17-90FF531DF755): 1
LogDevObjectVersion:   Private-Geometry (6EACA3D4-40EC-4CC1-B786-8BED09428FC5): 3
LogDevObjectVersion:   Dev-AnimPhys (29E575DD-E0A3-4627-9D10-D276232CDCEA): 17
LogDevObjectVersion:   Dev-ReflectionCapture (6B266CEC-1EC7-4B8F-A30B-E4D90942FC07): 1
LogDevObjectVersion:   Dev-Automation (0DF73D61-A23F-47EA-B727-89E90C41499A): 1
LogDevObjectVersion:   FortniteMain (601D1886-AC64-4F84-AA16-D3DE0DEAC7D6): 12
LogDevObjectVersion:   Dev-Enterprise (9DFFBCD6-494F-0158-E221-12823C92A888): 1
LogStreaming: Display: Took  0.000s to delete old logs.
LogInit: Presizing for max 8388607 objects, including 0 objects not considered by GC, pre-allocating 0 bytes for permanent pool.
LogInit: Object subsystem initialized
[2024.04.16-22.22.53:660][  0]LogInit: Selected Device Profile: [Windows]
[2024.04.16-22.22.53:660][  0]LogInit: Applying CVar settings loaded from the selected device profile: [Windows]
[2024.04.16-22.22.53:664][  0]LogHAL: Display: Platform has ~ 16 GB [17102372864 / 17179869184 / 16], which maps to Larger [LargestMinGB=32, LargerMinGB=12, DefaultMinGB=8, SmallerMinGB=6, SmallestMinGB=0)
[2024.04.16-22.22.53:665][  0]LogInit: Setting Device Profile CVar: [[r.Vulkan.UseRealUBs:1]]
[2024.04.16-22.22.53:665][  0]LogInit: Going up to parent DeviceProfile []
[2024.04.16-22.22.53:665][  0]LogInit: Computer: DESKTOP-KKQV115
[2024.04.16-22.22.53:665][  0]LogInit: User: linxy
[2024.04.16-22.22.53:665][  0]LogInit: CPU Page size=4096, Cores=6
[2024.04.16-22.22.53:665][  0]LogInit: High frequency timer resolution =10.000000 MHz
[2024.04.16-22.22.53:665][  0]LogMemory: Memory total: Physical=15.9GB (16GB approx)
[2024.04.16-22.22.53:665][  0]LogMemory: Platform Memory Stats for Windows
[2024.04.16-22.22.53:665][  0]LogMemory: Process Physical Memory: 104.23 MB used, 104.23 MB peak
[2024.04.16-22.22.53:665][  0]LogMemory: Process Virtual Memory: 86.11 MB used, 86.11 MB peak
[2024.04.16-22.22.53:665][  0]LogMemory: Physical Memory: 9129.91 MB used,  7180.19 MB free, 16310.09 MB total
[2024.04.16-22.22.53:665][  0]LogMemory: Virtual Memory: 4649.15 MB used,  7180.19 MB free, 134217728.00 MB total
[2024.04.16-22.22.53:673][  0]LogInit: Using OS detected language (en-US).
[2024.04.16-22.22.53:673][  0]LogInit: Using OS detected locale (en-US).
[2024.04.16-22.22.53:673][  0]LogTextLocalizationManager: No specific localization for 'en-US' exists, so the 'en' localization will be used.
[2024.04.16-22.22.53:923][  0]LogStreaming: Display: Took  0.250s to InitEngineTextLocalization.
[2024.04.16-22.22.53:923][  0]LogInit: Setting process to per monitor DPI aware
[2024.04.16-22.22.53:934][  0]LogSlate: New Slate User Created.  User Index 0, Is Virtual User: 0
[2024.04.16-22.22.53:934][  0]LogSlate: Slate User Registered.  User Index 0, Is Virtual User: 0
[2024.04.16-22.22.54:046][  0]LogHMD: Failed to initialize OpenVR with code 110
[2024.04.16-22.22.54:046][  0]LogD3D11RHI: D3D11 adapters:
[2024.04.16-22.22.54:113][  0]LogD3D11RHI:    0. 'AMD Radeon RX 6700 XT' (Feature Level 11_0)
[2024.04.16-22.22.54:113][  0]LogD3D11RHI:       12243/0/8155 MB DedicatedVideo/DedicatedSystem/SharedSystem, Outputs:1, VendorId:0x1002
[2024.04.16-22.22.54:115][  0]LogD3D11RHI:    1. 'Microsoft Basic Render Driver' (Feature Level 11_0)
[2024.04.16-22.22.54:115][  0]LogD3D11RHI:       0/0/8155 MB DedicatedVideo/DedicatedSystem/SharedSystem, Outputs:0, VendorId:0x1414
[2024.04.16-22.22.54:115][  0]LogD3D11RHI: Chosen D3D11 Adapter: 0
[2024.04.16-22.22.54:121][  0]LogD3D11RHI: Creating new Direct3DDevice
[2024.04.16-22.22.54:121][  0]LogD3D11RHI:     GPU DeviceId: 0x73df (for the marketing name, search the web for "GPU Device Id")
[2024.04.16-22.22.54:121][  0]LogWindows: EnumDisplayDevices:
[2024.04.16-22.22.54:121][  0]LogWindows:    0. 'AMD Radeon RX 6700 XT' (P:1 D:1)
[2024.04.16-22.22.54:121][  0]LogWindows:    1. 'AMD Radeon RX 6700 XT' (P:0 D:0)
[2024.04.16-22.22.54:122][  0]LogWindows:    2. 'AMD Radeon RX 6700 XT' (P:0 D:0)
[2024.04.16-22.22.54:122][  0]LogWindows:    3. 'AMD Radeon RX 6700 XT' (P:0 D:0)
[2024.04.16-22.22.54:122][  0]LogWindows:    4. 'AMD Radeon RX 6700 XT' (P:0 D:0)
[2024.04.16-22.22.54:122][  0]LogWindows:    5. 'AMD Radeon RX 6700 XT' (P:0 D:0)
[2024.04.16-22.22.54:122][  0]LogWindows:    6. 'AMD Radeon RX 6700 XT' (P:0 D:0)
[2024.04.16-22.22.54:123][  0]LogWindows: DebugString: FoundDriverCount:7 
[2024.04.16-22.22.54:123][  0]LogD3D11RHI:     Adapter Name: AMD Radeon RX 6700 XT
[2024.04.16-22.22.54:123][  0]LogD3D11RHI:   Driver Version: AMD Software: Adrenalin Edition 22.20.27.09 (internal:31.0.12027.9001, unified:31.0.12027.9001)
[2024.04.16-22.22.54:123][  0]LogD3D11RHI:      Driver Date: 3-30-2023
[2024.04.16-22.22.54:123][  0]LogRHI: Texture pool is 8570 MB (70% of 12243 MB)
[2024.04.16-22.22.54:207][  0]LogD3D11RHI: Async texture creation enabled
[2024.04.16-22.22.54:221][  0]LogD3D11RHI: GPU Timing Frequency: 100.000000 (Debug: 2 1)
[2024.04.16-22.22.54:221][  0]LogShaderCompilers: Guid format shader working directory is -37 characters bigger than the processId version (../../../../../../Users/linxy/OneDrive/Documents/Unreal Projects/Pragyan_BattleGame/Intermediate/Shaders/WorkingDirectory/2848/).
[2024.04.16-22.22.54:221][  0]LogShaderCompilers: Cleaned the shader compiler working directory 'C:/Users/linxy/AppData/Local/Temp/UnrealShaderWorkingDir/9FB75DA247F42ADA1AAF7291A658D411/'.
[2024.04.16-22.22.54:383][  0]LogTemp: Display: Loaded TP AllDesktopTargetPlatform
[2024.04.16-22.22.54:392][  0]LogTemp: Display: Loaded TP MacClientTargetPlatform
[2024.04.16-22.22.54:399][  0]LogTemp: Display: Loaded TP MacNoEditorTargetPlatform
[2024.04.16-22.22.54:407][  0]LogTemp: Display: Loaded TP MacServerTargetPlatform
[2024.04.16-22.22.54:415][  0]LogTemp: Display: Loaded TP MacTargetPlatform
[2024.04.16-22.22.54:422][  0]LogTemp: Display: Loaded TP WindowsClientTargetPlatform
[2024.04.16-22.22.54:431][  0]LogTemp: Display: Loaded TP WindowsNoEditorTargetPlatform
[2024.04.16-22.22.54:438][  0]LogTemp: Display: Loaded TP WindowsServerTargetPlatform
[2024.04.16-22.22.54:442][  0]LogTemp: Display: Loaded TP WindowsTargetPlatform
[2024.04.16-22.22.54:492][  0]LogTemp: Display: Loaded TP AndroidTargetPlatform
[2024.04.16-22.22.54:492][  0]LogTemp: Display: Loaded TP AndroidTargetPlatform
[2024.04.16-22.22.54:492][  0]LogTemp: Display: Loaded TP AndroidTargetPlatform
[2024.04.16-22.22.54:492][  0]LogTemp: Display: Loaded TP AndroidTargetPlatform
[2024.04.16-22.22.54:492][  0]LogTemp: Display: Loaded TP AndroidTargetPlatform
[2024.04.16-22.22.54:492][  0]LogTemp: Display: Loaded TP AndroidTargetPlatform
[2024.04.16-22.22.54:492][  0]LogTemp: Display: Loaded TP AndroidTargetPlatform
[2024.04.16-22.22.54:492][  0]LogTemp: Display: Loaded TP AndroidTargetPlatform
[2024.04.16-22.22.54:492][  0]LogTemp: Display: Loaded TP AndroidTargetPlatform
[2024.04.16-22.22.54:492][  0]LogTemp: Display: Loaded TP AndroidTargetPlatform
[2024.04.16-22.22.54:492][  0]LogTemp: Display: Loaded TP AndroidTargetPlatform
[2024.04.16-22.22.54:492][  0]LogTemp: Display: Loaded TP AndroidTargetPlatform
[2024.04.16-22.22.54:492][  0]LogTemp: Display: Loaded TP AndroidTargetPlatform
[2024.04.16-22.22.54:492][  0]LogTemp: Display: Loaded TP AndroidTargetPlatform
[2024.04.16-22.22.54:492][  0]LogTemp: Display: Loaded TP AndroidTargetPlatform
[2024.04.16-22.22.54:492][  0]LogTemp: Display: Loaded TP AndroidTargetPlatform
[2024.04.16-22.22.54:492][  0]LogTemp: Display: Loaded TP AndroidTargetPlatform
[2024.04.16-22.22.54:492][  0]LogTemp: Display: Loaded TP AndroidTargetPlatform
[2024.04.16-22.22.54:493][  0]LogTemp: Display: Loaded TP HTML5TargetPlatform
[2024.04.16-22.22.54:543][  0]LogTemp: Display: Loaded TP IOSTargetPlatform
[2024.04.16-22.22.54:543][  0]LogTemp: Display: Loaded TP IOSTargetPlatform
[2024.04.16-22.22.54:558][  0]LogTemp: Display: Loaded TP TVOSTargetPlatform
[2024.04.16-22.22.54:558][  0]LogTemp: Display: Loaded TP TVOSTargetPlatform
[2024.04.16-22.22.54:565][  0]LogTemp: Display: Loaded TP LinuxClientTargetPlatform
[2024.04.16-22.22.54:577][  0]LogTemp: Display: Loaded TP LinuxNoEditorTargetPlatform
[2024.04.16-22.22.54:585][  0]LogTemp: Display: Loaded TP LinuxServerTargetPlatform
[2024.04.16-22.22.54:593][  0]LogTemp: Display: Loaded TP LinuxTargetPlatform
[2024.04.16-22.22.54:598][  0]LogTemp: Display: Loaded TP LuminTargetPlatform
[2024.04.16-22.22.54:598][  0]LogTargetPlatformManager: Display: Building Assets For Windows
[2024.04.16-22.22.54:630][  0]LogXGEController: Cannot use XGE Controller as Incredibuild is not installed on this machine.
[2024.04.16-22.22.54:630][  0]LogShaderCompilers: Cannot use XGE Shader Compiler as Incredibuild is not installed on this machine.
[2024.04.16-22.22.54:630][  0]LogShaderCompilers: Display: Using Local Shader Compiler.
[2024.04.16-22.22.55:115][  0]LogDerivedDataCache: Display: Max Cache Size: 512 MB
[2024.04.16-22.22.55:150][  0]LogDerivedDataCache: Loaded boot cache 0.03s 71MB C:/Users/linxy/AppData/Local/UnrealEngine/4.20/DerivedDataCache/Boot.ddc.
[2024.04.16-22.22.55:150][  0]LogDerivedDataCache: Display: Loaded Boot cache: C:/Users/linxy/AppData/Local/UnrealEngine/4.20/DerivedDataCache/Boot.ddc
[2024.04.16-22.22.55:150][  0]LogDerivedDataCache: FDerivedDataBackendGraph:  Pak pak cache file ../../../../../../Users/linxy/OneDrive/Documents/Unreal Projects/Pragyan_BattleGame/DerivedDataCache/DDC.ddp not found, will not use a pak cache.
[2024.04.16-22.22.55:150][  0]LogDerivedDataCache: Unable to find inner node Pak for hierarchical cache Hierarchy.
[2024.04.16-22.22.55:150][  0]LogDerivedDataCache: FDerivedDataBackendGraph:  CompressedPak pak cache file ../../../../../../Users/linxy/OneDrive/Documents/Unreal Projects/Pragyan_BattleGame/DerivedDataCache/Compressed.ddp not found, will not use a pak cache.
[2024.04.16-22.22.55:150][  0]LogDerivedDataCache: Unable to find inner node CompressedPak for hierarchical cache Hierarchy.
[2024.04.16-22.22.55:160][  0]LogDerivedDataCache: Display: Pak cache opened for reading ../../../Engine/DerivedDataCache/Compressed.ddp.
[2024.04.16-22.22.55:172][  0]LogDerivedDataCache: Using Local data cache path C:/Users/linxy/AppData/Local/UnrealEngine/Common/DerivedDataCache: Writable
[2024.04.16-22.22.55:172][  0]LogDerivedDataCache: Shared data cache path not found in *engine.ini, will not use an Shared cache.
[2024.04.16-22.22.55:172][  0]LogDerivedDataCache: Unable to find inner node Shared for hierarchical cache Hierarchy.
[2024.04.16-22.22.55:184][  0]LogMaterial: Verifying Global Shaders for PCD3D_SM5
[2024.04.16-22.22.55:185][  0]LogSlate: Using FreeType 2.6.0
[2024.04.16-22.22.55:186][  0]LogSlate: SlateFontServices - WITH_FREETYPE: 1, WITH_HARFBUZZ: 1
[2024.04.16-22.22.55:241][  0]LogAssetRegistry: FAssetRegistry took 0.0246 seconds to start up
[2024.04.16-22.22.55:435][  0]LogInit: Selected Device Profile: [Windows]
[2024.04.16-22.22.55:510][  0]LogSimplygon: Simplygon DLL not present - disabling.
[2024.04.16-22.22.55:512][  0]LogMeshReduction: Using SimplygonSwarm for distributed automatic mesh merging
[2024.04.16-22.22.55:512][  0]LogMeshReduction: Using ProxyLODMeshReduction for automatic mesh merging
[2024.04.16-22.22.55:512][  0]LogMeshReduction: Using QuadricMeshReduction for automatic static mesh reduction
[2024.04.16-22.22.55:512][  0]LogMeshReduction: No automatic skeletal mesh reduction module available
[2024.04.16-22.22.55:522][  0]LogNetVersion: Pragyan_BattleGame 1.0.0, NetCL: 4212847, EngineNetVer: 5, GameNetVer: 0 (Checksum: 620336658)
[2024.04.16-22.22.55:830][  0]LogPackageLocalizationCache: Processed 11 localized package path(s) for 2 prioritized culture(s) in 0.072736 seconds
[2024.04.16-22.22.55:835][  0]LogUObjectArray: 38425 objects as part of root set at end of initial load.
[2024.04.16-22.22.55:835][  0]LogUObjectAllocator: 6690872 out of 0 bytes used by permanent object pool.
[2024.04.16-22.22.55:835][  0]LogUObjectArray: CloseDisregardForGC: 0/0 objects in disregard for GC pool
[2024.04.16-22.22.56:350][  0]LogTcpMessaging: Initializing TcpMessaging bridge
[2024.04.16-22.22.56:362][  0]LogUdpMessaging: Initializing bridge on interface 0.0.0.0:0 to multicast group 230.0.0.1:6666.
[2024.04.16-22.22.56:468][  0]SourceControl: Source control is disabled
[2024.04.16-22.22.56:469][  0]SourceControl: Source control is disabled
[2024.04.16-22.22.56:469][  0]SourceControl: Source control is disabled
[2024.04.16-22.22.56:469][  0]SourceControl: Source control is disabled
[2024.04.16-22.22.56:598][  0]LogAndroidPermission: UAndroidPermissionCallbackProxy::GetInstance
[2024.04.16-22.22.56:638][  0]LogOcInput: OculusInput pre-init called
[2024.04.16-22.22.56:683][  0]LogEngine: Initializing Engine...
[2024.04.16-22.22.56:683][  0]LogHMD: Failed to initialize OpenVR with code 110
[2024.04.16-22.22.56:684][  0]LogStats: UGameplayTagsManager::ConstructGameplayTagTree: ImportINI prefixes -  0.000 s
[2024.04.16-22.22.56:684][  0]LogStats: UGameplayTagsManager::ConstructGameplayTagTree: Construct from data asset -  0.000 s
[2024.04.16-22.22.56:684][  0]LogStats: UGameplayTagsManager::ConstructGameplayTagTree: ImportINI -  0.000 s
[2024.04.16-22.22.56:684][  0]LogStats: UGameplayTagsManager::ConstructGameplayTagTree: GameplayTagTreeChangedEvent.Broadcast -  0.000 s
[2024.04.16-22.22.56:800][  0]LogInit: Initializing FReadOnlyCVARCache
[2024.04.16-22.22.56:810][  0]LogAIModule: Creating AISystem for world Untitled
[2024.04.16-22.22.56:837][  0]LogInit: XAudio2 using 'Speakers (High Definition Audio Device)' : 2 channels at 48 kHz using 16 bits per sample (channel mask 0x3)
[2024.04.16-22.22.56:846][  0]LogInit: FAudioDevice initialized.
[2024.04.16-22.22.56:846][  0]LogNetVersion: Set ProjectVersion to 1.0.0.0. Version Checksum will be recalculated on next use.
[2024.04.16-22.22.56:878][  0]LogDerivedDataCache: Saved boot cache 0.03s 71MB C:/Users/linxy/AppData/Local/UnrealEngine/4.20/DerivedDataCache/Boot.ddc.
[2024.04.16-22.22.56:880][  0]LogInit: Texture streaming: Enabled
[2024.04.16-22.22.56:891][  0]LogEngineSessionManager: EngineSessionManager initialized
[2024.04.16-22.22.56:900][  0]LogInit: Transaction tracking system initialized
[2024.04.16-22.22.56:912][  0]BlueprintLog: New page: Editor Load
[2024.04.16-22.22.56:952][  0]LocalizationService: Localization service is disabled
[2024.04.16-22.22.57:108][  0]LogCook: Display: Max memory allowance for cook 16384mb min free memory 0mb
[2024.04.16-22.22.57:108][  0]LogCook: Display: Mobile HDR setting 1
[2024.04.16-22.22.57:108][  0]LogGameplayTags: Display: UGameplayTagsManager::DoneAddingNativeTags. DelegateIsBound: 0
[2024.04.16-22.22.57:108][  0]LogStats: UGameplayTagsManager::ConstructGameplayTagTree: ImportINI prefixes -  0.000 s
[2024.04.16-22.22.57:108][  0]LogStats: UGameplayTagsManager::ConstructGameplayTagTree: Construct from data asset -  0.000 s
[2024.04.16-22.22.57:108][  0]LogStats: UGameplayTagsManager::ConstructGameplayTagTree: ImportINI -  0.000 s
[2024.04.16-22.22.57:108][  0]LogStats: UGameplayTagsManager::ConstructGameplayTagTree: GameplayTagTreeChangedEvent.Broadcast -  0.000 s
[2024.04.16-22.22.57:177][  0]LogFileCache: Scanning file cache for directory 'C:/Users/linxy/OneDrive/Documents/Unreal Projects/Pragyan_BattleGame/Content/' took 0.02s
[2024.04.16-22.22.57:177][  0]SourceControl: Source control is disabled
[2024.04.16-22.22.57:263][  0]LogSlate: Took 0.000124 seconds to synchronously load lazily loaded font '../../../Engine/Content/Slate/Fonts/Roboto-Regular.ttf' (155K)
[2024.04.16-22.22.59:233][  0]LogSlate: Window 'Restore Packages' being destroyed
[2024.04.16-22.22.59:233][  0]LogWindowsTextInputMethodSystem: Display: IME system now deactivated.
[2024.04.16-22.22.59:244][  0]Cmd: MAP LOAD FILE="../../../../../../Users/linxy/OneDrive/Documents/Unreal Projects/Pragyan_BattleGame/Content/Maps/Battlefront.umap" TEMPLATE=0 SHOWPROGRESS=1 FEATURELEVEL=3
[2024.04.16-22.22.59:244][  0]LightingResults: New page: Lighting Build
[2024.04.16-22.22.59:246][  0]MapCheck: New page: Map Check
[2024.04.16-22.22.59:246][  0]LightingResults: New page: Lighting Build
[2024.04.16-22.22.59:593][  0]LogAIModule: Creating AISystem for world Battlefront
[2024.04.16-22.22.59:596][  0]LogEditorServer: Finished looking for orphan Actors (0.000 secs)
[2024.04.16-22.22.59:616][  0]Cmd: MAP CHECKDEP NOCLEARLOG
[2024.04.16-22.22.59:664][  0]MapCheck: Map check complete: 0 Error(s), 0 Warning(s), took 49.078ms to complete.
[2024.04.16-22.22.59:664][  0]LogFileHelpers: Loading map 'Battlefront' took 0.422
[2024.04.16-22.22.59:676][  0]LogWindowsTextInputMethodSystem: Display: IME system now deactivated.
[2024.04.16-22.22.59:692][  0]LogSlate: Updating window title bar state: overlay mode, drag disabled, window buttons hidden, title bar hidden
[2024.04.16-22.22.59:696][  0]LogSlate: Updating window title bar state: overlay mode, drag disabled, window buttons hidden, title bar hidden
[2024.04.16-22.22.59:701][  0]LogSlate: Updating window title bar state: overlay mode, drag disabled, window buttons hidden, title bar hidden
[2024.04.16-22.22.59:705][  0]LogSlate: Updating window title bar state: overlay mode, drag disabled, window buttons hidden, title bar hidden
[2024.04.16-22.22.59:708][  0]LogCollectionManager: Loaded 0 collections in 0.000909 seconds
[2024.04.16-22.22.59:745][  0]LogFileCache: Scanning file cache for directory 'C:/Users/linxy/OneDrive/Documents/Unreal Projects/Pragyan_BattleGame/Saved/Collections/' took 0.01s
[2024.04.16-22.22.59:745][  0]LogFileCache: Scanning file cache for directory 'C:/Users/linxy/OneDrive/Documents/Unreal Projects/Pragyan_BattleGame/Content/Developers/linxy/Collections/' took 0.01s
[2024.04.16-22.22.59:745][  0]LogFileCache: Scanning file cache for directory 'C:/Users/linxy/OneDrive/Documents/Unreal Projects/Pragyan_BattleGame/Content/Collections/' took 0.01s
[2024.04.16-22.22.59:745][  0]LogCollectionManager: Rebuilt the GUID cache for 0 collections in 0.000000 seconds
[2024.04.16-22.22.59:750][  0]LogContentBrowser: Native class hierarchy populated in 0.0061 seconds. Added 2572 classes and 603 folders.
[2024.04.16-22.22.59:754][  0]LogContentBrowser: Native class hierarchy updated for 'WidgetCarousel' in 0.0001 seconds. Added 0 classes and 0 folders.
[2024.04.16-22.22.59:782][  0]LogContentBrowser: Native class hierarchy updated for 'AddContentDialog' in 0.0001 seconds. Added 0 classes and 0 folders.
[2024.04.16-22.22.59:785][  0]LogContentBrowser: Native class hierarchy updated for 'SceneOutliner' in 0.0001 seconds. Added 1 classes and 2 folders.
[2024.04.16-22.22.59:826][  0]LogSlate: Took 0.000137 seconds to synchronously load lazily loaded font '../../../Engine/Content/Slate/Fonts/Roboto-Bold.ttf' (160K)
[2024.04.16-22.22.59:829][  0]LogSlate: Took 0.000123 seconds to synchronously load lazily loaded font '../../../Engine/Content/Editor/Slate/Fonts/FontAwesome.ttf' (139K)
[2024.04.16-22.22.59:857][  0]LogRenderer: Reallocating scene render targets to support 1208x568 Format 10 NumSamples 1 (Frame:1).
[2024.04.16-22.23.00:000][  0]LogContentBrowser: Native class hierarchy updated for 'HierarchicalLODOutliner' in 0.0002 seconds. Added 0 classes and 0 folders.
[2024.04.16-22.23.00:000][  0]LogLoad: (Engine Initialization) Total time: 7.97 seconds
[2024.04.16-22.23.00:000][  0]LogLoad: (Engine Initialization) Total Blueprint compile time: 0.00 seconds
[2024.04.16-22.23.00:037][  0]LogContentStreaming: Texture pool size now 1000 MB
[2024.04.16-22.23.00:061][  0]LogSlate: Took 0.000156 seconds to synchronously load lazily loaded font '../../../Engine/Content/Slate/Fonts/Roboto-Light.ttf' (167K)
[2024.04.16-22.23.00:209][  1]LogSlate: FSceneViewport::OnFocusLost() reason 0
[2024.04.16-22.23.00:238][  1]LogAssetRegistry: Asset discovery search completed in 5.0183 seconds
[2024.04.16-22.23.00:239][  1]LogCollectionManager: Rebuilt the object cache for 0 collections in 0.000000 seconds (found 0 objects)
[2024.04.16-22.23.00:239][  1]LogCollectionManager: Fixed up redirectors for 0 collections in 0.000053 seconds (updated 0 objects)
[2024.04.16-22.23.01:025][ 82]LogSlate: Took 0.000168 seconds to synchronously load lazily loaded font '../../../Engine/Content/Slate/Fonts/Roboto-Light.ttf' (167K)
[2024.04.16-22.23.03:907][400]LogSlate: Window 'Pragyan_BattleGame - Unreal Editor' being destroyed
[2024.04.16-22.23.04:077][401]Cmd: QUIT_EDITOR
[2024.04.16-22.23.04:086][401]LogWindowsTextInputMethodSystem: Display: IME system now deactivated.
[2024.04.16-22.23.04:091][401]LogExit: Preparing to exit.
[2024.04.16-22.23.04:427][401]LogExit: Editor shut down
[2024.04.16-22.23.04:428][401]LogExit: Transaction tracking system shut down
[2024.04.16-22.23.04:788][401]LogExit: Object subsystem successfully closed.
[2024.04.16-22.23.04:854][401]LogShaderCompilers: Display: Shaders left to compile 0
[2024.04.16-22.23.04:859][401]LogD3D11RHI: Shutdown
[2024.04.16-22.23.04:859][401]LogD3D11RHI: CleanupD3DDevice
[2024.04.16-22.23.04:893][401]LogD3D11RHI: ~FD3D11DynamicRHI
[2024.04.16-22.23.04:905][401]LogModuleManager: Shutting down and abandoning module HierarchicalLODOutliner (610)
[2024.04.16-22.23.04:905][401]LogModuleManager: Shutting down and abandoning module SceneOutliner (608)
[2024.04.16-22.23.04:905][401]LogModuleManager: Shutting down and abandoning module AddContentDialog (606)
[2024.04.16-22.23.04:905][401]LogModuleManager: Shutting down and abandoning module WidgetCarousel (605)
[2024.04.16-22.23.04:905][401]LogModuleManager: Shutting down and abandoning module EditorWidgets (602)
[2024.04.16-22.23.04:905][401]LogModuleManager: Shutting down and abandoning module CollectionManager (600)
[2024.04.16-22.23.04:905][401]LogModuleManager: Shutting down and abandoning module StatsViewer (598)
[2024.04.16-22.23.04:905][401]LogModuleManager: Shutting down and abandoning module FoliageEdit (596)
[2024.04.16-22.23.04:906][401]LogModuleManager: Shutting down and abandoning module LandscapeEditor (594)
[2024.04.16-22.23.04:906][401]LogModuleManager: Shutting down and abandoning module MeshPaintMode (592)
[2024.04.16-22.23.04:906][401]LogModuleManager: Shutting down and abandoning module SceneDepthPickerMode (590)
[2024.04.16-22.23.04:906][401]LogModuleManager: Shutting down and abandoning module ActorPickerMode (588)
[2024.04.16-22.23.04:906][401]LogModuleManager: Shutting down and abandoning module GeometryMode (586)
[2024.04.16-22.23.04:906][401]LogModuleManager: Shutting down and abandoning module TextureAlignMode (584)
[2024.04.16-22.23.04:906][401]LogModuleManager: Shutting down and abandoning module BspMode (582)
[2024.04.16-22.23.04:906][401]LogModuleManager: Shutting down and abandoning module PIEPreviewDeviceProfileSelector (580)
[2024.04.16-22.23.04:906][401]LogModuleManager: Shutting down and abandoning module SequenceRecorderSections (578)
[2024.04.16-22.23.04:906][401]LogModuleManager: Shutting down and abandoning module AutomationWorker (576)
[2024.04.16-22.23.04:906][401]LogModuleManager: Shutting down and abandoning module AudioCaptureEditor (574)
[2024.04.16-22.23.04:906][401]LogModuleManager: Shutting down and abandoning module SequenceRecorder (573)
[2024.04.16-22.23.04:906][401]LogModuleManager: Shutting down and abandoning module MatineeToLevelSequence (570)
[2024.04.16-22.23.04:906][401]LogModuleManager: Shutting down and abandoning module LevelSequenceEditor (568)
[2024.04.16-22.23.04:906][401]LogModuleManager: Shutting down and abandoning module PlacementMode (567)
[2024.04.16-22.23.04:906][401]LogModuleManager: Shutting down and abandoning module MaterialEditor (566)
[2024.04.16-22.23.04:906][401]LogModuleManager: Shutting down and abandoning module WmfMediaFactory (562)
[2024.04.16-22.23.04:906][401]LogModuleManager: Shutting down and abandoning module WmfMediaEditor (560)
[2024.04.16-22.23.04:906][401]LogModuleManager: Shutting down and abandoning module MediaPlayerEditor (558)
[2024.04.16-22.23.04:906][401]LogModuleManager: Shutting down and abandoning module OpenExrWrapper (556)
[2024.04.16-22.23.04:906][401]LogModuleManager: Shutting down and abandoning module ImgMediaFactory (554)
[2024.04.16-22.23.04:906][401]LogModuleManager: Shutting down and abandoning module ImgMediaEditor (552)
[2024.04.16-22.23.04:906][401]LogModuleManager: Shutting down and abandoning module AvfMediaFactory (550)
[2024.04.16-22.23.04:906][401]LogModuleManager: Shutting down and abandoning module AvfMediaEditor (548)
[2024.04.16-22.23.04:906][401]LogModuleManager: Shutting down and abandoning module AndroidMediaFactory (546)
[2024.04.16-22.23.04:906][401]LogModuleManager: Shutting down and abandoning module AndroidMediaEditor (544)
[2024.04.16-22.23.04:906][401]LogModuleManager: Shutting down and abandoning module MagicLeapCameraPreviewFactory (542)
[2024.04.16-22.23.04:906][401]LogModuleManager: Shutting down and abandoning module MagicLeapMediaFactory (540)
[2024.04.16-22.23.04:906][401]LogModuleManager: Shutting down and abandoning module MagicLeapMediaEditor (538)
[2024.04.16-22.23.04:906][401]LogModuleManager: Shutting down and abandoning module CharacterAI (536)
[2024.04.16-22.23.04:906][401]LogModuleManager: Shutting down and abandoning module SmartSnapping (534)
[2024.04.16-22.23.04:906][401]LogModuleManager: Shutting down and abandoning module SessionServices (532)
[2024.04.16-22.23.04:906][401]LogModuleManager: Shutting down and abandoning module ViewportSnapping (530)
[2024.04.16-22.23.04:906][401]LogModuleManager: Shutting down and abandoning module ViewportInteraction (528)
[2024.04.16-22.23.04:906][401]LogModuleManager: Shutting down and abandoning module ClothPainter (526)
[2024.04.16-22.23.04:906][401]LogModuleManager: Shutting down and abandoning module SkeletalMeshEditor (525)
[2024.04.16-22.23.04:906][401]LogModuleManager: Shutting down and abandoning module LogVisualizer (522)
[2024.04.16-22.23.04:906][401]LogModuleManager: Shutting down and abandoning module IntroTutorials (520)
[2024.04.16-22.23.04:906][401]LogModuleManager: Shutting down and abandoning module GameProjectGeneration (519)
[2024.04.16-22.23.04:906][401]LogModuleManager: Shutting down and abandoning module LuminPlatformEditor (516)
[2024.04.16-22.23.04:906][401]LogModuleManager: Shutting down and abandoning module IOSPlatformEditor (514)
[2024.04.16-22.23.04:906][401]LogModuleManager: Shutting down and abandoning module HTML5PlatformEditor (512)
[2024.04.16-22.23.04:906][401]LogModuleManager: Shutting down and abandoning module AndroidPlatformEditor (510)
[2024.04.16-22.23.04:906][401]LogModuleManager: Shutting down and abandoning module AndroidDeviceDetection (509)
[2024.04.16-22.23.04:981][401]LogModuleManager: Shutting down and abandoning module WindowsPlatformEditor (506)
[2024.04.16-22.23.04:981][401]LogModuleManager: Shutting down and abandoning module LuminRuntimeSettings (504)
[2024.04.16-22.23.04:981][401]LogModuleManager: Shutting down and abandoning module IOSRuntimeSettings (502)
[2024.04.16-22.23.04:981][401]LogModuleManager: Shutting down and abandoning module AndroidRuntimeSettings (500)
[2024.04.16-22.23.04:981][401]LogModuleManager: Shutting down and abandoning module InputBindingEditor (498)
[2024.04.16-22.23.04:981][401]LogModuleManager: Shutting down and abandoning module MergeActors (496)
[2024.04.16-22.23.04:981][401]LogModuleManager: Shutting down and abandoning module LocalizationDashboard (494)
[2024.04.16-22.23.04:981][401]LogModuleManager: Shutting down and abandoning module LocalizationService (493)
[2024.04.16-22.23.04:981][401]LogModuleManager: Shutting down and abandoning module HardwareTargeting (490)
[2024.04.16-22.23.04:981][401]LogModuleManager: Shutting down and abandoning module DeviceProfileEditor (488)
[2024.04.16-22.23.04:981][401]LogModuleManager: Shutting down and abandoning module UndoHistory (486)
[2024.04.16-22.23.04:981][401]LogModuleManager: Shutting down and abandoning module XmlParser (484)
[2024.04.16-22.23.04:981][401]LogModuleManager: Shutting down and abandoning module Blutility (482)
[2024.04.16-22.23.04:981][401]LogModuleManager: Shutting down and abandoning module ProjectSettingsViewer (480)
[2024.04.16-22.23.04:981][401]LogModuleManager: Shutting down and abandoning module ProjectTargetPlatformEditor (479)
[2024.04.16-22.23.04:981][401]LogModuleManager: Shutting down and abandoning module EditorSettingsViewer (476)
[2024.04.16-22.23.04:981][401]LogModuleManager: Shutting down and abandoning module SettingsEditor (474)
[2024.04.16-22.23.04:981][401]LogModuleManager: Shutting down and abandoning module ProjectLauncher (472)
[2024.04.16-22.23.04:981][401]LogModuleManager: Shutting down and abandoning module SessionFrontend (470)
[2024.04.16-22.23.04:981][401]LogModuleManager: Shutting down and abandoning module ProfilerClient (468)
[2024.04.16-22.23.04:981][401]LogModuleManager: Shutting down and abandoning module DeviceManager (466)
[2024.04.16-22.23.04:981][401]LogModuleManager: Shutting down and abandoning module TargetDeviceServices (465)
[2024.04.16-22.23.05:035][401]LogModuleManager: Shutting down and abandoning module AutomationController (462)
[2024.04.16-22.23.05:035][401]LogModuleManager: Shutting down and abandoning module AutomationWindow (460)
[2024.04.16-22.23.05:035][401]LogModuleManager: Shutting down and abandoning module Layers (458)
[2024.04.16-22.23.05:035][401]LogModuleManager: Shutting down and abandoning module ComponentVisualizers (456)
[2024.04.16-22.23.05:035][401]LogModuleManager: Shutting down and abandoning module DetailCustomizations (454)
[2024.04.16-22.23.05:035][401]LogModuleManager: Shutting down and abandoning module PackagesDialog (452)
[2024.04.16-22.23.05:035][401]LogModuleManager: Shutting down and abandoning module Persona (450)
[2024.04.16-22.23.05:035][401]LogModuleManager: Shutting down and abandoning module AdvancedPreviewScene (449)
[2024.04.16-22.23.05:035][401]LogModuleManager: Shutting down and abandoning module AnimGraph (447)
[2024.04.16-22.23.05:035][401]LogModuleManager: Shutting down and abandoning module Kismet (444)
[2024.04.16-22.23.05:035][401]LogModuleManager: Shutting down and abandoning module GraphEditor (442)
[2024.04.16-22.23.05:035][401]LogModuleManager: Shutting down and abandoning module ClassViewer (440)
[2024.04.16-22.23.05:035][401]LogModuleManager: Shutting down and abandoning module Toolbox (438)
[2024.04.16-22.23.05:035][401]LogModuleManager: Shutting down and abandoning module ModuleUI (436)
[2024.04.16-22.23.05:035][401]LogModuleManager: Shutting down and abandoning module MovieSceneTools (434)
[2024.04.16-22.23.05:035][401]LogModuleManager: Shutting down and abandoning module OutputLog (432)
[2024.04.16-22.23.05:035][401]LogModuleManager: Shutting down and abandoning module GammaUI (430)
[2024.04.16-22.23.05:035][401]LogModuleManager: Shutting down and abandoning module Documentation (428)
[2024.04.16-22.23.05:035][401]LogModuleManager: Shutting down and abandoning module MovieSceneTracks (426)
[2024.04.16-22.23.05:035][401]LogModuleManager: Shutting down and abandoning module MovieScene (424)
[2024.04.16-22.23.05:035][401]LogModuleManager: Shutting down and abandoning module StreamingPauseRendering (422)
[2024.04.16-22.23.05:035][401]LogModuleManager: Shutting down and abandoning module LauncherPlatform (420)
[2024.04.16-22.23.05:035][401]LogModuleManager: Shutting down and abandoning module AnalyticsET (418)
[2024.04.16-22.23.05:035][401]LogModuleManager: Shutting down and abandoning module PortalServices (416)
[2024.04.16-22.23.05:035][401]LogModuleManager: Shutting down and abandoning module PortalRpc (414)
[2024.04.16-22.23.05:035][401]LogModuleManager: Shutting down and abandoning module MessagingRpc (412)
[2024.04.16-22.23.05:035][401]LogModuleManager: Shutting down and abandoning module AIModule (410)
[2024.04.16-22.23.05:035][401]LogModuleManager: Shutting down and abandoning module GameplayDebugger (409)
[2024.04.16-22.23.05:036][401]LogModuleManager: Shutting down and abandoning module AITestSuite (407)
[2024.04.16-22.23.05:036][401]LogModuleManager: Shutting down and abandoning module NavigationSystem (405)
[2024.04.16-22.23.05:036][401]LogModuleManager: Shutting down and abandoning module DesktopPlatform (402)
[2024.04.16-22.23.05:036][401]LogModuleManager: Shutting down and abandoning module ProfilerService (400)
[2024.04.16-22.23.05:171][401]LogModuleManager: Shutting down and abandoning module TaskGraph (398)
[2024.04.16-22.23.05:171][401]LogModuleManager: Shutting down and abandoning module SteamVRController (396)
[2024.04.16-22.23.05:171][401]LogModuleManager: Shutting down and abandoning module ProceduralMeshComponentEditor (394)
[2024.04.16-22.23.05:171][401]LogModuleManager: Shutting down and abandoning module ProceduralMeshComponent (392)
[2024.04.16-22.23.05:171][401]LogModuleManager: Shutting down and abandoning module OculusInput (390)
[2024.04.16-22.23.05:171][401]LogModuleManager: Shutting down and abandoning module MobilePatchingUtils (388)
[2024.04.16-22.23.05:171][401]LogModuleManager: Shutting down and abandoning module EditableMesh (386)
[2024.04.16-22.23.05:171][401]LogModuleManager: Shutting down and abandoning module CustomMeshComponent (384)
[2024.04.16-22.23.05:171][401]LogModuleManager: Shutting down and abandoning module CableComponent (382)
[2024.04.16-22.23.05:171][401]LogModuleManager: Shutting down and abandoning module AudioCapture (380)
[2024.04.16-22.23.05:171][401]LogModuleManager: Shutting down and abandoning module ArchVisCharacter (378)
[2024.04.16-22.23.05:171][401]LogModuleManager: Shutting down and abandoning module AndroidPermission (376)
[2024.04.16-22.23.05:171][401]LogModuleManager: Shutting down and abandoning module NUTUnrealEngine4 (374)
[2024.04.16-22.23.05:171][401]LogModuleManager: Shutting down and abandoning module NetcodeUnitTest (372)
[2024.04.16-22.23.05:171][401]LogModuleManager: Shutting down and abandoning module MediaCompositingEditor (370)
[2024.04.16-22.23.05:171][401]LogModuleManager: Shutting down and abandoning module MediaCompositing (368)
[2024.04.16-22.23.05:171][401]LogModuleManager: Shutting down and abandoning module LinearTimecode (366)
[2024.04.16-22.23.05:171][401]LogModuleManager: Shutting down and abandoning module ImgMedia (364)
[2024.04.16-22.23.05:179][401]LogModuleManager: Shutting down and abandoning module HTML5Networking (362)
[2024.04.16-22.23.05:179][401]LogModuleManager: Shutting down and abandoning module GeometryCacheTracks (360)
[2024.04.16-22.23.05:179][401]LogModuleManager: Shutting down and abandoning module GeometryCacheSequencer (358)
[2024.04.16-22.23.05:179][401]LogModuleManager: Shutting down and abandoning module BackChannel (356)
[2024.04.16-22.23.05:179][401]LogModuleManager: Shutting down and abandoning module AppleVision (354)
[2024.04.16-22.23.05:179][401]LogModuleManager: Shutting down and abandoning module AppleImageUtils (352)
[2024.04.16-22.23.05:179][401]LogModuleManager: Shutting down and abandoning module AlembicImporter (350)
[2024.04.16-22.23.05:179][401]LogModuleManager: Shutting down and abandoning module AlembicLibrary (349)
[2024.04.16-22.23.05:179][401]LogModuleManager: Shutting down and abandoning module GeometryCache (348)
[2024.04.16-22.23.05:179][401]LogModuleManager: Shutting down and abandoning module GeometryCacheEd (347)
[2024.04.16-22.23.05:179][401]LogModuleManager: Shutting down and abandoning module DatasmithContentEditor (342)
[2024.04.16-22.23.05:179][401]LogModuleManager: Shutting down and abandoning module DatasmithContent (340)
[2024.04.16-22.23.05:180][401]LogModuleManager: Shutting down and abandoning module SpeedTreeImporter (338)
[2024.04.16-22.23.05:180][401]LogModuleManager: Shutting down and abandoning module PluginBrowser (336)
[2024.04.16-22.23.05:180][401]LogModuleManager: Shutting down and abandoning module MobileLauncherProfileWizard (334)
[2024.04.16-22.23.05:180][401]LogModuleManager: Shutting down and abandoning module PolygonModeling (332)
[2024.04.16-22.23.05:180][401]LogModuleManager: Shutting down and abandoning module MeshEditor (330)
[2024.04.16-22.23.05:180][401]LogModuleManager: Shutting down and abandoning module CryptoKeysOpenSSL (328)
[2024.04.16-22.23.05:180][401]LogModuleManager: Shutting down and abandoning module CryptoKeys (326)
[2024.04.16-22.23.05:180][401]LogModuleManager: Shutting down and abandoning module VisualStudioSourceCodeAccess (324)
[2024.04.16-22.23.05:180][401]LogModuleManager: Shutting down and abandoning module VisualStudioCodeSourceCodeAccess (322)
[2024.04.16-22.23.05:180][401]LogModuleManager: Shutting down and abandoning module UObjectPlugin (320)
[2024.04.16-22.23.05:180][401]LogModuleManager: Shutting down and abandoning module SubversionSourceControl (318)
[2024.04.16-22.23.05:180][401]LogModuleManager: Shutting down and abandoning module PerforceSourceControl (316)
[2024.04.16-22.23.05:180][401]LogModuleManager: Shutting down and abandoning module GitSourceControl (314)
[2024.04.16-22.23.05:180][401]LogModuleManager: Shutting down and abandoning module SourceControl (313)
[2024.04.16-22.23.05:180][401]LogModuleManager: Shutting down and abandoning module CLionSourceCodeAccess (310)
[2024.04.16-22.23.05:180][401]LogModuleManager: Shutting down and abandoning module LightPropagationVolumeEditor (308)
[2024.04.16-22.23.05:180][401]LogModuleManager: Shutting down and abandoning module PaperTiledImporter (306)
[2024.04.16-22.23.05:180][401]LogModuleManager: Shutting down and abandoning module PaperSpriteSheetImporter (304)
[2024.04.16-22.23.05:180][401]LogModuleManager: Shutting down and abandoning module Paper2DEditor (302)
[2024.04.16-22.23.05:180][401]LogModuleManager: Shutting down and abandoning module MeshPaint (301)
[2024.04.16-22.23.05:180][401]LogModuleManager: Shutting down and abandoning module RuntimePhysXCooking (298)
[2024.04.16-22.23.05:180][401]LogModuleManager: Shutting down and abandoning module PhysXVehiclesEditor (296)
[2024.04.16-22.23.05:180][401]LogModuleManager: Shutting down and abandoning module PhysXVehicles (294)
[2024.04.16-22.23.05:180][401]LogModuleManager: Shutting down and abandoning module OculusEditor (292)
[2024.04.16-22.23.05:180][401]LogModuleManager: Shutting down and abandoning module LocationServicesBPLibrary (290)
[2024.04.16-22.23.05:180][401]LogModuleManager: Shutting down and abandoning module ImmediatePhysicsEditor (288)
[2024.04.16-22.23.05:180][401]LogModuleManager: Shutting down and abandoning module ImmediatePhysics (286)
[2024.04.16-22.23.05:180][401]LogModuleManager: Shutting down and abandoning module ActorSequence (284)
[2024.04.16-22.23.05:180][401]LogModuleManager: Shutting down and abandoning module UdpMessaging (282)
[2024.04.16-22.23.05:282][401]LogModuleManager: Shutting down and abandoning module TcpMessaging (280)
[2024.04.16-22.23.05:382][401]LogModuleManager: Shutting down and abandoning module MagicLeapAudio (278)
[2024.04.16-22.23.05:382][401]LogModuleManager: Shutting down and abandoning module GameplayTagsEditor (276)
[2024.04.16-22.23.05:382][401]LogModuleManager: Shutting down and abandoning module FacialAnimationEditor (274)
[2024.04.16-22.23.05:382][401]LogModuleManager: Shutting down and abandoning module FacialAnimation (272)
[2024.04.16-22.23.05:382][401]LogModuleManager: Shutting down and abandoning module DataValidation (270)
[2024.04.16-22.23.05:382][401]LogModuleManager: Shutting down and abandoning module AssetManagerEditor (268)
[2024.04.16-22.23.05:382][401]LogModuleManager: Shutting down and abandoning module LevelEditor (267)
[2024.04.16-22.23.05:382][401]LogModuleManager: Shutting down and abandoning module PixelInspectorModule (266)
[2024.04.16-22.23.05:382][401]LogModuleManager: Shutting down and abandoning module CommonMenuExtensions (264)
[2024.04.16-22.23.05:382][401]LogModuleManager: Shutting down and abandoning module MainFrame (262)
[2024.04.16-22.23.05:382][401]LogModuleManager: Shutting down and abandoning module HotReload (261)
[2024.04.16-22.23.05:383][401]LogModuleManager: Shutting down and abandoning module ContentBrowser (257)
[2024.04.16-22.23.05:383][401]LogModuleManager: Shutting down and abandoning module TreeMap (255)
[2024.04.16-22.23.05:383][401]LogModuleManager: Shutting down and abandoning module LightPropagationVolumeRuntime (252)
[2024.04.16-22.23.05:383][401]LogModuleManager: Shutting down and abandoning module AISupportModule (250)
[2024.04.16-22.23.05:383][401]LogModuleManager: Shutting down and abandoning module Paper2D (248)
[2024.04.16-22.23.05:383][401]LogModuleManager: Shutting down and abandoning module WindowsMoviePlayer (246)
[2024.04.16-22.23.05:383][401]LogModuleManager: Shutting down and abandoning module WmfMedia (244)
[2024.04.16-22.23.05:384][401]LogModuleManager: Shutting down and abandoning module Media (243)
[2024.04.16-22.23.05:390][401]LogModuleManager: Shutting down and abandoning module PacketHandler (240)
[2024.04.16-22.23.05:390][401]LogModuleManager: Shutting down and abandoning module ClothingSystemEditor (238)
[2024.04.16-22.23.05:390][401]LogModuleManager: Shutting down and abandoning module ClothingSystemRuntime (236)
[2024.04.16-22.23.05:390][401]LogModuleManager: Shutting down and abandoning module MediaAssets (234)
[2024.04.16-22.23.05:390][401]LogModuleManager: Shutting down and abandoning module Overlay (232)
[2024.04.16-22.23.05:390][401]LogModuleManager: Shutting down and abandoning module OverlayEditor (231)
[2024.04.16-22.23.05:390][401]LogModuleManager: Shutting down and abandoning module VREditor (228)
[2024.04.16-22.23.05:390][401]LogModuleManager: Shutting down and abandoning module StringTableEditor (226)
[2024.04.16-22.23.05:390][401]LogModuleManager: Shutting down and abandoning module GameplayTasksEditor (224)
[2024.04.16-22.23.05:390][401]LogModuleManager: Shutting down and abandoning module BehaviorTreeEditor (222)
[2024.04.16-22.23.05:390][401]LogModuleManager: Shutting down and abandoning module FunctionalTesting (220)
[2024.04.16-22.23.05:390][401]LogModuleManager: Shutting down and abandoning module CollisionAnalyzer (218)
[2024.04.16-22.23.05:390][401]LogModuleManager: Shutting down and abandoning module WorkspaceMenuStructure (217)
[2024.04.16-22.23.05:390][401]LogModuleManager: Shutting down and abandoning module UMG (214)
[2024.04.16-22.23.05:390][401]LogModuleManager: Shutting down and abandoning module UMGEditor (213)
[2024.04.16-22.23.05:390][401]LogModuleManager: Shutting down and abandoning module Sequencer (212)
[2024.04.16-22.23.05:390][401]LogModuleManager: Shutting down and abandoning module MessageLog (209)
[2024.04.16-22.23.05:390][401]LogModuleManager: Shutting down and abandoning module SlateReflector (204)
[2024.04.16-22.23.05:390][401]LogModuleManager: Shutting down and abandoning module Slate (202)
[2024.04.16-22.23.05:390][401]LogModuleManager: Shutting down and abandoning module EditorStyle (200)
[2024.04.16-22.23.05:391][401]LogModuleManager: Shutting down and abandoning module MRMesh (198)
[2024.04.16-22.23.05:391][401]LogModuleManager: Shutting down and abandoning module SourceCodeAccess (196)
[2024.04.16-22.23.05:391][401]LogModuleManager: Shutting down and abandoning module HeadMountedDisplay (194)
[2024.04.16-22.23.05:391][401]LogModuleManager: Shutting down and abandoning module XAudio2 (192)
[2024.04.16-22.23.05:391][401]LogModuleManager: Shutting down and abandoning module Networking (190)
[2024.04.16-22.23.05:391][401]LogModuleManager: Shutting down and abandoning module Core (188)
[2024.04.16-22.23.05:391][401]LogModuleManager: Shutting down and abandoning module LevelSequence (186)
[2024.04.16-22.23.05:391][401]LogModuleManager: Shutting down and abandoning module KismetCompiler (184)
[2024.04.16-22.23.05:391][401]LogModuleManager: Shutting down and abandoning module MeshUtilities (182)
[2024.04.16-22.23.05:391][401]LogModuleManager: Shutting down and abandoning module MeshMergeUtilities (181)
[2024.04.16-22.23.05:391][401]LogModuleManager: Shutting down and abandoning module MeshReductionInterface (180)
[2024.04.16-22.23.05:391][401]LogModuleManager: Shutting down and abandoning module SimplygonSwarm (179)
[2024.04.16-22.23.05:391][401]LogModuleManager: Shutting down and abandoning module ProxyLODMeshReduction (177)
[2024.04.16-22.23.05:391][401]LogModuleManager: Shutting down and abandoning module SimplygonMeshReduction (175)
[2024.04.16-22.23.05:391][401]LogModuleManager: Shutting down and abandoning module QuadricMeshReduction (173)
[2024.04.16-22.23.05:391][401]LogModuleManager: Shutting down and abandoning module MaterialBaking (169)
[2024.04.16-22.23.05:391][401]LogModuleManager: Shutting down and abandoning module DirectoryWatcher (165)
[2024.04.16-22.23.05:391][401]LogModuleManager: Shutting down and abandoning module DerivedDataCache (162)
[2024.04.16-22.23.05:675][401]LogDerivedDataCache: Shutdown
[2024.04.16-22.23.05:675][401]LogModuleManager: Shutting down and abandoning module XGEController (160)
[2024.04.16-22.23.05:675][401]LogModuleManager: Shutting down and abandoning module TargetPlatform (158)
[2024.04.16-22.23.05:675][401]LogModuleManager: Shutting down and abandoning module VulkanShaderFormat (157)
[2024.04.16-22.23.05:675][401]LogModuleManager: Shutting down and abandoning module ShaderFormatVectorVM (155)
[2024.04.16-22.23.05:675][401]LogModuleManager: Shutting down and abandoning module ShaderFormatOpenGL (153)
[2024.04.16-22.23.05:675][401]LogModuleManager: Shutting down and abandoning module ShaderFormatD3D (151)
[2024.04.16-22.23.05:675][401]LogModuleManager: Shutting down and abandoning module MetalShaderFormat (149)
[2024.04.16-22.23.05:675][401]LogModuleManager: Shutting down and abandoning module TextureFormatUncompressed (147)
[2024.04.16-22.23.05:675][401]LogModuleManager: Shutting down and abandoning module TextureFormatPVR (145)
[2024.04.16-22.23.05:675][401]LogModuleManager: Shutting down and abandoning module TextureFormatDXT (143)
[2024.04.16-22.23.05:675][401]LogModuleManager: Shutting down and abandoning module TextureFormatIntelISPCTexComp (141)
[2024.04.16-22.23.05:676][401]LogModuleManager: Shutting down and abandoning module TextureFormatASTC (139)
[2024.04.16-22.23.05:676][401]LogModuleManager: Shutting down and abandoning module ImageWrapper (138)
[2024.04.16-22.23.05:676][401]LogModuleManager: Shutting down and abandoning module TextureFormatAndroid (135)
[2024.04.16-22.23.05:676][401]LogModuleManager: Shutting down and abandoning module AudioFormatOpus (133)
[2024.04.16-22.23.05:676][401]LogModuleManager: Shutting down and abandoning module AudioFormatOgg (131)
[2024.04.16-22.23.05:676][401]LogModuleManager: Shutting down and abandoning module AudioFormatADPCM (129)
[2024.04.16-22.23.05:676][401]LogModuleManager: Shutting down and abandoning module LuminTargetPlatform (127)
[2024.04.16-22.23.05:676][401]LogModuleManager: Shutting down and abandoning module LinuxTargetPlatform (125)
[2024.04.16-22.23.05:676][401]LogModuleManager: Shutting down and abandoning module LinuxServerTargetPlatform (123)
[2024.04.16-22.23.05:676][401]LogModuleManager: Shutting down and abandoning module LinuxNoEditorTargetPlatform (121)
[2024.04.16-22.23.05:676][401]LogModuleManager: Shutting down and abandoning module LinuxClientTargetPlatform (119)
[2024.04.16-22.23.05:676][401]LogModuleManager: Shutting down and abandoning module TVOSTargetPlatform (117)
[2024.04.16-22.23.05:676][401]LogModuleManager: Shutting down and abandoning module Messaging (115)
[2024.04.16-22.23.05:676][401]LogModuleManager: Shutting down and abandoning module IOSTargetPlatform (113)
[2024.04.16-22.23.05:677][401]LogModuleManager: Shutting down and abandoning module HTML5TargetPlatform (111)
[2024.04.16-22.23.05:677][401]LogModuleManager: Shutting down and abandoning module AndroidTargetPlatform (109)
[2024.04.16-22.23.05:680][401]LogModuleManager: Shutting down and abandoning module WindowsTargetPlatform (107)
[2024.04.16-22.23.05:680][401]LogModuleManager: Shutting down and abandoning module WindowsServerTargetPlatform (105)
[2024.04.16-22.23.05:680][401]LogModuleManager: Shutting down and abandoning module WindowsNoEditorTargetPlatform (103)
[2024.04.16-22.23.05:680][401]LogModuleManager: Shutting down and abandoning module WindowsClientTargetPlatform (101)
[2024.04.16-22.23.05:680][401]LogModuleManager: Shutting down and abandoning module MacTargetPlatform (99)
[2024.04.16-22.23.05:680][401]LogModuleManager: Shutting down and abandoning module MacServerTargetPlatform (97)
[2024.04.16-22.23.05:680][401]LogModuleManager: Shutting down and abandoning module MacNoEditorTargetPlatform (95)
[2024.04.16-22.23.05:680][401]LogModuleManager: Shutting down and abandoning module MacClientTargetPlatform (93)
[2024.04.16-22.23.05:680][401]LogModuleManager: Shutting down and abandoning module AllDesktopTargetPlatform (91)
[2024.04.16-22.23.05:680][401]LogModuleManager: Shutting down and abandoning module InputCore (88)
[2024.04.16-22.23.05:680][401]LogModuleManager: Shutting down and abandoning module Settings (86)
[2024.04.16-22.23.05:680][401]LogModuleManager: Shutting down and abandoning module PhysXCooking (84)
[2024.04.16-22.23.05:680][401]LogModuleManager: Shutting down and abandoning module SteamVR (82)
[2024.04.16-22.23.05:680][401]LogModuleManager: Shutting down and abandoning module OculusHMD (80)
[2024.04.16-22.23.05:680][401]LogModuleManager: Shutting down and abandoning module ExampleDeviceProfileSelector (78)
[2024.04.16-22.23.05:680][401]LogModuleManager: Shutting down and abandoning module LauncherChunkInstaller (76)
[2024.04.16-22.23.05:680][401]LogModuleManager: Shutting down and abandoning module OnlineBlueprintSupport (74)
[2024.04.16-22.23.05:680][401]LogModuleManager: Shutting down and abandoning module OnlineSubsystem (70)
[2024.04.16-22.23.05:680][401]LogModuleManager: Shutting down and abandoning module XMPP (65)
[2024.04.16-22.23.05:680][401]LogModuleManager: Shutting down and abandoning module WebSockets (64)
[2024.04.16-22.23.05:709][401]LogModuleManager: Shutting down and abandoning module HTTP (61)
[2024.04.16-22.23.05:709][401]LogHttp: Display: Http module shutting down, but needs to wait on 1 outstanding Http requests:
[2024.04.16-22.23.05:709][401]LogHttp: Display: 	verb=[POST] url=[https://datarouter.ol.epicgames.com/datarouter/api/v1/public/data?SessionID=%7B822C9B6D-490A-DB4B-B530-17A129E6F8F2%7D&AppID=UEEditor.Rocket.Release&AppVersion=4.20.3-4369336%2B%2B%2BUE4%2BRelease-4.20&UserID=928f8ebd481a2f73ca125e8dc01396d1%7C56eac3cc707b445c834f8b0331903d33%7Cb9059b15-d3b2-4490-a160-43ff298d281c&AppEnvironment=datacollector-binary&UploadType=eteventstream] status=Processing
[2024.04.16-22.23.05:715][401]LogModuleManager: Shutting down and abandoning module SSL (60)
[2024.04.16-22.23.05:716][401]LogModuleManager: Shutting down and abandoning module MagicLeapEmulator (56)
[2024.04.16-22.23.05:716][401]LogModuleManager: Shutting down and abandoning module MagicLeapPrivileges (54)
[2024.04.16-22.23.05:716][401]LogModuleManager: Shutting down and abandoning module MagicLeapIdentity (52)
[2024.04.16-22.23.05:716][401]LogModuleManager: Shutting down and abandoning module MagicLeapHelperVulkan (50)
[2024.04.16-22.23.05:716][401]LogModuleManager: Shutting down and abandoning module MagicLeapHelperOpenGL (48)
[2024.04.16-22.23.05:716][401]LogModuleManager: Shutting down and abandoning module MagicLeapSecureStorage (46)
[2024.04.16-22.23.05:716][401]LogModuleManager: Shutting down and abandoning module MagicLeapGestures (44)
[2024.04.16-22.23.05:716][401]LogModuleManager: Shutting down and abandoning module MagicLeapEyeTracker (42)
[2024.04.16-22.23.05:716][401]LogModuleManager: Shutting down and abandoning module MagicLeapController (40)
[2024.04.16-22.23.05:716][401]LogSlate: Slate User Destroyed.  User Index 0, Is Virtual User: 0
[2024.04.16-22.23.05:716][401]LogModuleManager: Shutting down and abandoning module MagicLeap (38)
[2024.04.16-22.23.05:716][401]LogModuleManager: Shutting down and abandoning module AnimationModifiers (36)
[2024.04.16-22.23.05:716][401]LogModuleManager: Shutting down and abandoning module PropertyEditor (35)
[2024.04.16-22.23.05:716][401]LogModuleManager: Shutting down and abandoning module AudioEditor (32)
[2024.04.16-22.23.05:716][401]LogModuleManager: Shutting down and abandoning module TextureCompressor (30)
[2024.04.16-22.23.05:717][401]LogModuleManager: Shutting down and abandoning module ShaderCore (28)
[2024.04.16-22.23.05:717][401]LogModuleManager: Shutting down and abandoning module Landscape (26)
[2024.04.16-22.23.05:717][401]LogModuleManager: Shutting down and abandoning module SlateRHIRenderer (24)
[2024.04.16-22.23.05:717][401]LogModuleManager: Shutting down and abandoning module OpenGLDrv (22)
[2024.04.16-22.23.05:717][401]LogModuleManager: Shutting down and abandoning module D3D11RHI (20)
[2024.04.16-22.23.05:717][401]LogModuleManager: Shutting down and abandoning module AnimGraphRuntime (18)
[2024.04.16-22.23.05:717][401]LogModuleManager: Shutting down and abandoning module Renderer (16)
[2024.04.16-22.23.05:717][401]LogModuleManager: Shutting down and abandoning module Engine (14)
[2024.04.16-22.23.05:717][401]LogModuleManager: Shutting down and abandoning module CoreUObject (12)
[2024.04.16-22.23.05:717][401]LogModuleManager: Shutting down and abandoning module NetworkFile (10)
[2024.04.16-22.23.05:717][401]LogModuleManager: Shutting down and abandoning module CookedIterativeFile (8)
[2024.04.16-22.23.05:717][401]LogModuleManager: Shutting down and abandoning module StreamingFile (6)
[2024.04.16-22.23.05:717][401]LogModuleManager: Shutting down and abandoning module SandboxFile (4)
[2024.04.16-22.23.05:717][401]LogModuleManager: Shutting down and abandoning module PakFile (2)
[2024.04.16-22.23.05:723][401]LogExit: Exiting.
[2024.04.16-22.23.05:729][401]Log file closed, 04/16/24 15:23:05
